number,value,datetime_start,datetime_complete,duration,params_batch_size,params_dropout,params_grad_clip,params_hidden_size,params_label_smoothing,params_lr,params_num_layers,params_weight_decay,state
99,1.6585644838432942,2026-03-21 07:36:44.455735,2026-03-21 07:38:45.059540,0 days 00:02:00.603805,32,0.18620904726837234,2.2766338449813572,128,0.10209335497542277,0.004470836289211938,2,5.828732208224661e-06,PRUNED
