number,value,datetime_start,datetime_complete,duration,params_attn_heads,params_batch_size,params_cnn_channels,params_drop_cls,params_drop_cnn,params_drop_lstm,params_fc_hidden,params_grad_clip,params_label_smoothing,params_lr,params_lstm_hidden,params_lstm_layers,params_weight_decay,state
0,0.8864741206748642,2026-03-18 06:43:48.190503,2026-03-18 06:54:40.008370,0 days 00:10:51.817867,2,32,128,0.3727780074568463,0.09127267288786131,0.3099025726528951,128,0.8899863008405067,0.031203728088487304,0.0001025350969016849,256,3,0.006351221010640704,COMPLETE
1,2.0017157563625965,2026-03-18 06:54:40.030582,2026-03-18 07:04:35.579469,0 days 00:09:55.548887,2,64,256,0.24881529393791155,0.20526990795364705,0.27606099749584057,256,1.785586096034029,0.03993475643167195,6.144543785587468e-05,256,3,2.9204338471814107e-05,COMPLETE
2,0.6005147269087789,2026-03-18 07:04:35.598469,2026-03-18 07:12:35.887846,0 days 00:08:00.289377,8,64,64,0.5314950036607717,0.1166031869068446,0.20853961270955837,256,0.9621361388138177,0.10934205586865593,4.993895014755656e-05,256,1,0.0004467752817973908,COMPLETE
3,0.20017157563625965,2026-03-18 07:12:35.907845,2026-03-18 07:20:08.589533,0 days 00:07:32.681688,4,64,128,0.3243929286862649,0.09926940745579475,0.12542334011440948,128,0.996789203835431,0.1544489538593315,2.4007683448156354e-05,128,2,0.0016172900811143157,COMPLETE
4,2.0589076351158138,2026-03-18 07:20:08.611007,2026-03-18 07:27:34.764670,0 days 00:07:26.153663,2,64,64,0.3641531692142519,0.2722699421778279,0.19971689165954998,64,1.9031929939237406,0.1521570097233795,0.0024806219351771013,64,1,7.742116473996259e-05,COMPLETE
5,0.31455533314269374,2026-03-18 07:27:34.783772,2026-03-18 07:31:20.934612,0 days 00:03:46.150840,8,32,256,0.2027808522124763,0.24540442977674792,0.4442922333025374,64,2.6786514754692945,0.1266807513020847,6.0538336093556843e-05,256,1,4.414536876494481e-06,PRUNED
6,0.1429796968830426,2026-03-18 07:31:20.955624,2026-03-18 07:34:19.585705,0 days 00:02:58.630081,4,32,128,0.5633063543866614,0.015443625374996805,0.2114585856946446,256,2.2575473972379445,0.10375812434867322,2.106265096461375e-05,128,1,2.2410971619109514e-05,PRUNED
7,0.22876751501286818,2026-03-18 07:34:19.606253,2026-03-18 07:38:05.931808,0 days 00:03:46.325555,8,64,256,0.4048372233197124,0.2032693085526847,0.10663513157114246,128,2.3205408715296487,0.04752750879847994,0.004573419197153427,256,1,9.294394155644998e-06,PRUNED
8,5.547612239062053,2026-03-18 07:38:05.952809,2026-03-18 07:45:35.742159,0 days 00:07:29.789350,8,32,64,0.3356119164194803,0.2701254171489991,0.35324058290930715,256,0.7836838031014727,0.0682132702100517,0.0007325212536639256,128,2,3.523233163198316e-05,COMPLETE
9,6.834429511009437,2026-03-18 07:45:35.762415,2026-03-18 07:53:03.682045,0 days 00:07:27.919630,2,32,64,0.3301598792637071,0.21365376640426076,0.19489963499872004,256,2.7463854713176983,0.032325742818922754,0.0024786753644700068,64,2,0.0013167465326936148,COMPLETE
10,3.7746639977123246,2026-03-18 07:53:03.703662,2026-03-18 08:00:32.436491,0 days 00:07:28.732829,2,32,64,0.47886235933603777,0.16551453024339552,0.48701457375048707,256,2.9592343920615445,0.003592375122963995,0.0005957817331548199,64,2,1.0567900894501666e-06,COMPLETE
11,5.204460966542751,2026-03-18 08:00:32.457491,2026-03-18 08:08:03.205253,0 days 00:07:30.747762,8,32,64,0.3000111181934621,0.29724641482173403,0.370727223238246,256,0.5554391365144016,0.067750486981173,0.0008060160386796668,128,2,0.00099634174989772,COMPLETE
12,5.80497569345153,2026-03-18 08:08:03.227308,2026-03-18 08:15:31.314752,0 days 00:07:28.087444,2,32,64,0.416666147040797,0.2252873486993009,0.38562078293136515,256,1.3289427271094114,0.07419360247945832,0.0008987848154987935,64,2,0.0001631785454224566,COMPLETE
13,0.3431512725193023,2026-03-18 08:15:31.335796,2026-03-18 08:17:46.559371,0 days 00:02:15.223575,2,32,64,0.4391189037214763,0.20319304217103884,0.41241545765478393,256,1.4397930457238686,0.006835514880796284,0.0016717054138354094,64,3,0.0002621093145186158,PRUNED
14,0.6291106662853875,2026-03-18 08:17:46.581051,2026-03-18 08:20:23.938114,0 days 00:02:37.357063,2,32,64,0.467908369433241,0.16788476792903503,0.26310891328429686,256,1.2742148651415042,0.0754880549109129,0.00022171166857551944,64,2,0.008110840524533395,PRUNED
15,0.37174721189591076,2026-03-18 08:20:23.960693,2026-03-18 08:22:38.159117,0 days 00:02:14.198424,2,32,64,0.2748597797895145,0.2332598272775705,0.16464537669284718,64,1.3614444761569455,0.1934440802833483,0.0003219134429790257,64,2,0.00020437523764127249,PRUNED
16,0.5433228481555619,2026-03-18 08:22:38.181346,2026-03-18 08:25:16.195904,0 days 00:02:38.014558,4,32,64,0.40608175472742025,0.1438059532170728,0.3325609828265449,256,2.061958593477761,0.08081435733618125,0.0016210639462133304,64,3,0.0018319741835711588,PRUNED
17,0.22876751501286818,2026-03-18 08:25:16.218055,2026-03-18 08:27:30.700467,0 days 00:02:14.482412,2,32,64,0.4980076212511404,0.04900231226099801,0.4013113695664778,256,2.596467666764789,0.028409063742924328,0.00485041132452053,64,2,0.0005737728970852225,PRUNED
18,0.2573634543894767,2026-03-18 08:27:30.722108,2026-03-18 08:29:45.729356,0 days 00:02:15.007248,2,32,256,0.5989879313923893,0.24004190884532206,0.25829602629402315,64,1.540851652625727,0.09203460889046924,0.0002850774105338205,64,2,0.00010443765321794136,PRUNED
19,0.37174721189591076,2026-03-18 08:29:45.751362,2026-03-18 08:32:01.075215,0 days 00:02:15.323853,2,32,128,0.4359453507286073,0.18606846549996361,0.4997653976350741,128,2.9393328628332713,0.0543772013564752,0.0012542211920211761,64,3,0.003615977153631585,PRUNED
20,3.9748355733485843,2026-03-18 08:32:01.098031,2026-03-18 08:39:29.619728,0 days 00:07:28.521697,4,32,64,0.3609600257803817,0.13207319404802925,0.14485178892425432,256,1.180733213189003,0.020494531972996742,0.003108115421635932,64,2,0.00010800059797404532,COMPLETE
21,5.5762081784386615,2026-03-18 08:39:29.642226,2026-03-18 08:47:00.518804,0 days 00:07:30.876578,8,32,64,0.3261611396841194,0.2814140482781991,0.3595214800913786,256,0.5354075036424683,0.060268608863592754,0.0007381395135516998,128,2,3.459004358774747e-05,COMPLETE
22,6.033743208464398,2026-03-18 08:47:00.540766,2026-03-18 08:54:31.272210,0 days 00:07:30.731444,8,32,64,0.25371352191855046,0.2883991465479807,0.38520980433037544,256,0.5151665681092052,0.05530907449674019,0.00043850791401235553,128,2,1.3615838740837355e-05,COMPLETE
23,5.80497569345153,2026-03-18 08:54:31.295108,2026-03-18 09:02:02.537385,0 days 00:07:31.242277,8,32,64,0.23152663094388873,0.22649522756252366,0.4490114792315548,256,1.6773505529300734,0.04380746558901968,0.00041005197358215113,128,2,7.621778578197577e-06,COMPLETE
24,0.17157563625965114,2026-03-18 09:02:02.561370,2026-03-18 09:04:17.973356,0 days 00:02:15.411986,2,32,64,0.2791350190231001,0.26096543826708535,0.4017797336479587,256,0.678436128736986,0.08833277493591918,0.00013187986244424284,128,2,1.465495392489209e-06,PRUNED
25,10.351730054332284,2026-03-18 09:04:17.996366,2026-03-18 09:11:43.245221,0 days 00:07:25.248855,8,32,64,0.20218006419159912,0.29958695833059107,0.3065210930402467,256,1.1159487802105499,0.018963201810420327,0.002225255305532704,64,1,3.547440753402046e-06,COMPLETE
26,9.179296539891336,2026-03-18 09:11:43.269126,2026-03-18 09:19:08.091564,0 days 00:07:24.822438,8,64,64,0.21072757122138464,0.29797160591595145,0.31099352869484836,256,1.0446617946207613,0.01635868878984987,0.0024622415859121387,128,1,4.190661629856908e-06,COMPLETE
27,9.751215327423505,2026-03-18 09:19:08.114574,2026-03-18 09:26:33.718495,0 days 00:07:25.603921,8,64,64,0.20315421957744303,0.29958489313798503,0.30016878735166236,256,1.10451681613918,0.014974103801271059,0.002492638295128416,64,1,2.592865856298617e-06,COMPLETE
28,8.407206176722905,2026-03-18 09:26:33.742772,2026-03-18 09:34:03.332680,0 days 00:07:29.589908,8,64,256,0.200579192041355,0.2994142728529036,0.3019924565517004,128,1.0225455767941467,0.015538375992975154,0.0013467987995839693,64,1,2.8723037120309907e-06,COMPLETE
29,0.057191878753217046,2026-03-18 09:34:03.356240,2026-03-18 09:36:17.079413,0 days 00:02:13.723173,8,64,128,0.21561011863989865,0.2608280622027941,0.3219522865903012,64,1.1306355433760424,0.013738163631499578,1.0010667716935431e-05,128,1,2.495395659585136e-06,PRUNED
30,0.2573634543894767,2026-03-18 09:36:17.103442,2026-03-18 09:38:50.133496,0 days 00:02:33.030054,8,64,128,0.24349492820873317,0.06715843999473763,0.24858612199736296,128,0.7930079519289619,0.0005435772345482263,0.0030086602446087987,256,1,4.205247542838624e-06,PRUNED
31,7.749499571060909,2026-03-18 09:38:50.157509,2026-03-18 09:46:19.660639,0 days 00:07:29.503130,8,64,256,0.20218435267334348,0.2916158413907212,0.29732510238173915,128,1.0564558209546218,0.023587053052559315,0.0013807066637900212,64,1,2.056828388699302e-06,COMPLETE
32,6.548470117243351,2026-03-18 09:46:19.684472,2026-03-18 09:53:49.231444,0 days 00:07:29.546972,8,64,256,0.26864679361417804,0.298080410630245,0.2890101374449403,128,0.8615526145503849,0.035564268919997206,0.0020296236145386864,64,1,4.039267016291179e-06,COMPLETE
33,7.8638833285673435,2026-03-18 09:53:49.254964,2026-03-18 10:01:17.952393,0 days 00:07:28.697429,8,64,256,0.22962913713416838,0.254226682166543,0.31462382976674275,128,1.1744876291440907,0.01651784361344757,0.0011509681778757981,64,1,2.754990591768814e-06,COMPLETE
34,0.8864741206748642,2026-03-18 10:01:17.978121,2026-03-18 10:03:33.127166,0 days 00:02:15.149045,8,64,256,0.22645029799067057,0.28063375739192936,0.2395951628288584,128,1.5167401587059506,0.01275780907371635,0.0035726752774122225,64,1,6.769671728364168e-06,PRUNED
35,0.22876751501286818,2026-03-18 10:03:33.152505,2026-03-18 10:06:04.157760,0 days 00:02:31.005255,8,64,256,0.2936419453517123,0.29979349456756044,0.3418464375004995,128,0.9431506938422549,0.03927726599907888,0.0020281114304347273,256,1,1.5552035884483217e-05,PRUNED
36,10.408921933085502,2026-03-18 10:06:04.182560,2026-03-18 10:13:33.477767,0 days 00:07:29.295207,8,64,256,0.25552767523231157,0.27193451913758593,0.30023682436546223,256,1.67232581054999,0.02655543415319485,0.0011307166277317352,64,1,1.1614490169255168e-06,COMPLETE
37,0.5433228481555619,2026-03-18 10:13:33.502778,2026-03-18 10:15:47.129896,0 days 00:02:13.627118,8,64,64,0.24997154118596687,0.26996418738051453,0.28221421982427286,256,1.8805126292414702,0.1185880520782033,0.003592306839642957,128,1,1.1403347973298698e-06,PRUNED
38,0.2859593937660852,2026-03-18 10:15:47.154592,2026-03-18 10:18:19.619440,0 days 00:02:32.464848,8,64,128,0.29653294559380494,0.2538880343486414,0.22123710528338575,256,1.6707395327822976,0.027859868659588997,0.0022270968138258357,256,1,1.6543199502948868e-06,PRUNED
39,8.378610237346297,2026-03-18 10:18:19.644679,2026-03-18 10:25:45.095996,0 days 00:07:25.451317,4,64,64,0.2588508216321099,0.2768947755254922,0.2717374725573454,256,0.7069518450690199,0.04693939740562417,0.004931190811763432,64,1,5.177126750388399e-06,COMPLETE
40,0.5433228481555619,2026-03-18 10:25:45.122737,2026-03-18 10:27:59.546680,0 days 00:02:14.423943,8,64,256,0.21885919628713962,0.24484325816093072,0.32445636091722135,256,2.161915954014901,0.1497646499416993,0.00014809026162927226,128,1,5.25506601396947e-05,PRUNED
41,10.26594223620246,2026-03-18 10:27:59.571777,2026-03-18 10:35:29.154507,0 days 00:07:29.582730,8,64,256,0.2045931242258086,0.28022220527022335,0.30451577819384595,256,1.0396043239049553,0.011690804871365838,0.0010600110261371925,64,1,2.8030523352434575e-06,COMPLETE
42,10.752073205604804,2026-03-18 10:35:29.180389,2026-03-18 10:42:58.615307,0 days 00:07:29.434918,8,64,256,0.23993548056514755,0.2704042557921482,0.2978326807511931,256,1.2501288715701164,0.008711879975478346,0.0009635545761634748,64,1,1.1323804740450125e-05,COMPLETE
43,9.894195024306548,2026-03-18 10:42:58.641023,2026-03-18 10:50:31.504793,0 days 00:07:32.863770,8,64,256,0.23555361526886684,0.26890317008011794,0.2348792010085187,256,1.2476040992695805,0.005470202281271212,0.001069855420436147,64,1,1.0341331869488889e-05,COMPLETE
44,8.7217615098656,2026-03-18 10:50:31.614612,2026-03-18 10:58:02.289754,0 days 00:07:30.675142,8,64,256,0.24399006677543206,0.2600881210363335,0.22864045964788238,256,1.2525469726395295,0.0005422123614629744,0.0005623149289302467,64,1,1.185661837958442e-05,COMPLETE
45,8.435802116099515,2026-03-18 10:58:02.315856,2026-03-18 11:05:34.482604,0 days 00:07:32.166748,8,64,256,0.31375183197971396,0.2111378285806697,0.2761177306657477,256,1.431995890640715,0.03543929141826078,0.000959241055794441,64,1,2.0592820757584176e-05,COMPLETE
46,8.235630540463255,2026-03-18 11:05:34.509104,2026-03-18 11:13:01.834934,0 days 00:07:27.325830,8,64,256,0.23350284558753098,0.2714381628741304,0.34544417739517874,256,1.8038373295474182,0.008226497785703956,0.0005671418498108864,64,1,8.857348270724102e-06,COMPLETE
47,0.6005147269087789,2026-03-18 11:13:01.862080,2026-03-18 11:15:18.275102,0 days 00:02:16.413022,8,64,256,0.27969749454893106,0.10451235730300287,0.1860962951819723,64,1.5948784418734756,0.02559066507362666,0.0010964271332846132,64,1,5.673437317140165e-06,PRUNED
48,9.007720903631684,2026-03-18 11:15:18.301621,2026-03-18 11:22:44.738629,0 days 00:07:26.437008,4,64,256,0.34643444868250084,0.24314443104588246,0.24362007917638648,256,1.3791143629850313,0.004897463465195485,0.0015706056045246433,64,1,2.119945773544788e-05,COMPLETE
49,9.207892479267944,2026-03-18 11:22:44.765960,2026-03-18 11:30:11.200219,0 days 00:07:26.434259,8,64,256,0.26360304751163355,0.22679017315601757,0.36511409520405397,256,1.2499135957561083,0.1906401972367566,0.0006814916245851861,64,1,1.4074680970147922e-06,COMPLETE
50,2.3162710895052903,2026-03-21 01:26:47.842153,2026-03-21 01:28:14.615991,0 days 00:01:26.773838,8,64,256,0.31179311370893786,0.003953019739002167,0.17669780953911157,256,0.90349485053362,0.03167952389271958,0.0004607385449144703,64,1,1.0491777186368647e-06,PRUNED
51,11.03803259937089,2026-03-21 01:28:14.634518,2026-03-21 01:33:20.916357,0 days 00:05:06.281839,8,64,256,0.22013151940352227,0.2828494226441752,0.29478658943119673,256,1.1052281429074775,0.022446747916307276,0.001023886427907122,64,1,2.8423655619254737e-06,COMPLETE
52,8.836145267372034,2026-03-21 01:33:20.933945,2026-03-21 01:36:49.752087,0 days 00:03:28.818142,8,64,256,0.2417769324399663,0.2812595875774025,0.2675968876271454,256,2.0016795096661903,0.008221339502888916,0.0009668791035124413,64,1,3.38670871380175e-06,COMPLETE
53,0.08578781812982557,2026-03-21 01:36:49.770099,2026-03-21 01:37:52.167797,0 days 00:01:02.397698,8,64,256,0.21997409013771257,0.26951692242352104,0.20597969676120872,256,1.3039021170793081,0.02405992042669361,3.6977940097272715e-05,64,1,1.7291946047714196e-06,PRUNED
54,9.722619388046898,2026-03-21 01:37:52.185112,2026-03-21 01:41:20.617080,0 days 00:03:28.431968,8,64,256,0.28531333425244887,0.2850449396204919,0.3288811177898481,256,0.9589716129595711,0.039752018950383,0.0017453396166495312,64,1,1.0648677804556089e-05,COMPLETE
55,9.379468115527596,2026-03-21 01:41:20.634587,2026-03-21 01:44:47.073831,0 days 00:03:26.439244,8,64,256,0.2602772396779263,0.2541423872326191,0.2900108970798511,256,1.1934335286919133,0.02171852312679884,0.0008526886798113311,64,1,6.4495116016626846e-06,COMPLETE
56,11.43837575064341,2026-03-21 01:44:47.091334,2026-03-21 01:48:13.389366,0 days 00:03:26.298032,4,64,256,0.2181513807487929,0.23536487814459636,0.2602165896724333,256,1.4486514054533846,0.05273932150155658,0.001142740185865985,64,1,2.2945430578750977e-06,COMPLETE
57,0.4003431512725193,2026-03-21 01:48:13.407853,2026-03-21 01:49:22.780798,0 days 00:01:09.372945,4,64,256,0.21535379130128618,0.1758003041745813,0.25888457375556384,64,1.4941265788263964,0.05151665514456408,0.00030125025469630314,256,1,1.9900496129637126e-06,PRUNED
58,10.037174721189592,2026-03-21 01:49:22.798299,2026-03-21 01:52:50.054120,0 days 00:03:27.255821,4,64,256,0.2219245174474454,0.19557558259291666,0.3413498000970491,256,1.6164377984914693,0.06850250625856524,0.0006791294805430823,64,1,3.3769893777102472e-06,COMPLETE
59,0.4003431512725193,2026-03-21 01:52:50.071283,2026-03-21 01:53:54.130096,0 days 00:01:04.058813,4,64,256,0.5315036931038344,0.22012895029875496,0.30573325276849644,256,1.3923662407510846,0.030040113268497464,0.0014809380733459066,64,3,2.2744170155768034e-06,PRUNED
60,1.0580497569345153,2026-03-21 01:53:54.156618,2026-03-21 01:54:56.450914,0 days 00:01:02.294296,4,32,256,0.20109714200419365,0.23623903227747547,0.2835160395236118,256,1.81762424133302,0.059534907260666195,0.00023956591249183035,64,1,1.3380939940168763e-06,PRUNED
61,1.0866456963111237,2026-03-21 01:54:56.468944,2026-03-21 01:55:58.748526,0 days 00:01:02.279582,4,64,256,0.3846780493863432,0.2849555740326933,0.3400634437835969,256,1.6470572230409466,0.046210783388046406,0.0006728713049431796,64,1,3.41704759164776e-06,PRUNED
62,10.094366599942807,2026-03-21 01:55:58.766027,2026-03-21 01:59:24.468126,0 days 00:03:25.702099,4,64,256,0.22083316269499595,0.1912031902461287,0.35395047301625604,256,1.5796284183971454,0.05881032688302694,0.0007861652463515668,64,1,1.0046950111878574e-06,COMPLETE
63,11.352587932513583,2026-03-21 01:59:24.486153,2026-03-21 02:02:51.935135,0 days 00:03:27.448982,4,64,256,0.25106013247586906,0.15710324029549785,0.3747915242547586,256,1.4708254641289664,0.1020287991421803,0.0008587471585030232,64,1,1.7818190279347325e-06,COMPLETE
64,1.4297969688304262,2026-03-21 02:02:51.953137,2026-03-21 02:03:54.039001,0 days 00:01:02.085864,4,64,128,0.2503225247040618,0.1453592921940812,0.37550182073090455,256,1.738380733327473,0.1050306132697985,0.000509907504297902,64,1,1.7450242211801816e-06,PRUNED
65,5.947955390334572,2026-03-21 02:03:54.058008,2026-03-21 02:06:08.053224,0 days 00:02:13.995216,4,64,256,0.2687200963736322,0.1548538524047434,0.4268432639953823,256,1.1173468715349322,0.0931238442649176,0.001968308005008512,64,1,2.1912202608025647e-06,PRUNED
66,1.4297969688304262,2026-03-21 02:06:08.071151,2026-03-21 02:07:09.913402,0 days 00:01:01.842251,4,32,256,0.23703418221531086,0.28971335956080885,0.25258376598751087,256,1.4734452681518142,0.08432820001707327,0.00037020024956235375,64,1,5.500520019854849e-06,PRUNED
67,0.5433228481555619,2026-03-21 02:07:09.931402,2026-03-21 02:08:11.603427,0 days 00:01:01.672025,4,64,256,0.20667309138822362,0.12195941347665816,0.31684421312953953,64,0.8513848791079527,0.11472584286417886,0.0027871257341462135,64,1,4.804228990322953e-06,PRUNED
68,10.83786102373463,2026-03-21 02:08:11.621940,2026-03-21 02:11:36.412251,0 days 00:03:24.790311,8,64,256,0.2535830225990651,0.25082745676423535,0.3011163262437906,256,1.3464874608520199,0.09735495408192849,0.0011691567747361567,64,1,3.0195724069142466e-06,COMPLETE
69,0.5719187875321704,2026-03-21 02:11:36.430259,2026-03-21 02:12:44.957224,0 days 00:01:08.526965,2,32,128,0.3099186087768442,0.06843828772419486,0.4554782835065775,256,1.3802656739915142,0.1424903544014175,0.0012792451284349736,256,1,1.3616196025961214e-06,PRUNED
70,9.66542750929368,2026-03-21 02:12:44.976430,2026-03-21 02:16:11.440231,0 days 00:03:26.463801,8,64,256,0.2812595155742673,0.24924626683364282,0.279102997909057,256,1.3360337200252148,0.09951966476141809,0.0017826844292355834,64,1,7.139372658021064e-06,COMPLETE
71,10.466113811838719,2026-03-21 02:16:11.458738,2026-03-21 02:19:38.132577,0 days 00:03:26.673839,8,64,256,0.23085023849009215,0.26351898802133433,0.2956075955619604,256,1.0269880384495966,0.1254349713148387,0.0009792743558766398,64,1,2.967962447004581e-06,COMPLETE
72,2.030311695739205,2026-03-21 02:19:38.151584,2026-03-21 02:20:49.490965,0 days 00:01:11.339381,8,64,256,0.25827048523031515,0.263650110311309,0.29576698427808046,256,1.1960284356534154,0.1352072570746618,0.000948609920455358,64,1,3.368296209575505e-06,PRUNED
73,10.323134114955677,2026-03-21 02:20:49.509974,2026-03-21 02:24:16.279993,0 days 00:03:26.770019,8,64,256,0.24824847385500762,0.23194424143275783,0.2675443347893829,256,1.732481010440254,0.12680372779009577,0.0013444294381699624,64,1,2.1314476105766212e-06,COMPLETE
74,4.603946239633972,2026-03-21 02:24:16.298992,2026-03-21 02:26:09.436841,0 days 00:01:53.137849,8,64,256,0.2277841919398519,0.2615114061499958,0.31342105029539546,256,1.4386775491221448,0.16479786292604115,0.004023648805965044,64,1,4.375479881046682e-06,PRUNED
75,0.22876751501286818,2026-03-21 02:26:09.457880,2026-03-21 02:27:11.473601,0 days 00:01:02.015721,8,64,256,0.27073838213040735,0.2742225098055809,0.2950237101132856,256,1.1001577821806452,0.12161137704355746,7.783724519171542e-05,64,1,1.6813084913480982e-06,PRUNED
76,10.151558478696025,2026-03-21 02:27:11.492637,2026-03-21 02:30:38.277129,0 days 00:03:26.784492,8,32,256,0.2392162936554581,0.24842203836453003,0.33008018110061,256,1.3060039273088677,0.09688645757212466,0.0008461298888596893,64,1,0.00031284838484850073,COMPLETE
77,10.551901629968544,2026-03-21 02:30:38.299848,2026-03-21 02:34:06.563445,0 days 00:03:28.263597,8,64,64,0.29222979883330386,0.2167322031675324,0.25723955756649247,256,2.4662269574502145,0.07694030317679161,0.001206266431773627,64,1,1.4979319334796597e-05,COMPLETE
78,3.4601086645696313,2026-03-21 02:34:06.582445,2026-03-21 02:35:40.027638,0 days 00:01:33.445193,4,64,256,0.2912395825057503,0.22102880013719856,0.2240604073800298,256,2.5885194528718913,0.0739214059748461,0.001197097521422162,64,1,4.771137414734146e-05,PRUNED
79,1.4012010294538175,2026-03-21 02:35:40.047209,2026-03-21 02:36:41.774999,0 days 00:01:01.727790,8,64,64,0.33644538597363244,0.23891819263352848,0.2596682328645959,256,2.825130977907644,0.10482213423398645,0.0006422374763088416,64,1,3.103373478899997e-05,PRUNED
