number,value,datetime_start,datetime_complete,duration,params_batch_size,params_d_model,params_dropout,params_grad_clip,params_label_smoothing,params_lr,params_nhead,params_num_layers,params_weight_decay,state
98,0.1429796968830426,2026-03-21 09:56:05.107873,2026-03-21 09:57:06.281691,0 days 00:01:01.173818,32,256,0.10799504318186674,2.2676756690986704,0.12147012919294096,0.004951733009263702,8,3,0.0022145120892888763,PRUNED
99,0.6863025450386046,2026-03-21 09:57:06.300666,2026-03-21 09:58:04.594650,0 days 00:00:58.293984,32,64,0.10397331377988114,2.0629690046756393,0.13011336426402742,0.00431866781010447,8,2,0.002971428406870689,PRUNED
